{
  "0 debug pnpm:scope": {
    "selected": 1
  },
  "1 error pnpm": {
    "code": "ELIFECYCLE",
    "errno": "ENOENT",
    "syscall": "spawn",
    "file": "sh",
    "pkgid": "a@0.0.1",
    "stage": "build",
    "script": "astro check && astro build",
    "pkgname": "a",
    "err": {
      "name": "pnpm",
      "message": "a@0.0.1 build: `astro check && astro build`\nspawn ENOENT",
      "code": "ELIFECYCLE",
      "stack": "pnpm: a@0.0.1 build: `astro check && astro build`\nspawn ENOENT\n    at ChildProcess.<anonymous> (/Users/wuxue/pnpm-global/5/node_modules/.pnpm/registry.npmmirror.com+pnpm@6.29.1/node_modules/pnpm/dist/pnpm.cjs:92187:22)\n    at ChildProcess.emit (node:events:517:28)\n    at maybeClose (node:internal/child_process:1098:16)\n    at ChildProcess._handle.onexit (node:internal/child_process:303:5)"
    }
  },
  "2 warn pnpm:global": " Local package.json exists, but node_modules missing, did you mean to install?"
}